INFO  [2016-12-06 00:07:25,731] s.DisneyClassifier$firstClassifier$: Learnable: Learn with data of size 505
INFO  [2016-12-06 00:07:25,741] s.DisneyClassifier$firstClassifier$: Training: 30 iterations remain.
INFO  [2016-12-06 00:07:25,744] s.DisneyClassifier$firstClassifier$: Training: 30 iterations remain.
INFO  [2016-12-06 00:07:25,793] s.DisneyClassifier$firstClassifier$: Training: 20 iterations remain.
INFO  [2016-12-06 00:07:25,822] s.DisneyClassifier$firstClassifier$: Training: 10 iterations remain.
INFO  [2016-12-06 00:34:39,282] s.DisneyClassifier$firstClassifier$: Learnable: Learn with data of size 505
INFO  [2016-12-06 00:34:39,284] s.DisneyClassifier$firstClassifier$: Training: 30 iterations remain.
INFO  [2016-12-06 00:34:39,287] s.DisneyClassifier$firstClassifier$: Training: 30 iterations remain.
INFO  [2016-12-06 00:34:39,329] s.DisneyClassifier$firstClassifier$: Training: 20 iterations remain.
INFO  [2016-12-06 00:34:39,358] s.DisneyClassifier$firstClassifier$: Training: 10 iterations remain.
INFO  [2016-12-06 06:48:15,454] s.DisneyClassifier$firstClassifier$: Learnable: Learn with data of size 507
INFO  [2016-12-06 06:48:15,458] s.DisneyClassifier$firstClassifier$: Training: 30 iterations remain.
INFO  [2016-12-06 06:48:15,464] s.DisneyClassifier$firstClassifier$: Training: 30 iterations remain.
INFO  [2016-12-06 06:57:37,177] s.DisneyClassifier$firstClassifier$: Learnable: Learn with data of size 371
INFO  [2016-12-06 06:57:37,180] s.DisneyClassifier$firstClassifier$: Training: 30 iterations remain.
INFO  [2016-12-06 06:57:37,183] s.DisneyClassifier$firstClassifier$: Training: 30 iterations remain.
INFO  [2016-12-06 06:57:37,300] s.DisneyClassifier$firstClassifier$: Training: 20 iterations remain.
INFO  [2016-12-06 06:57:37,334] s.DisneyClassifier$firstClassifier$: Training: 10 iterations remain.
INFO  [2016-12-06 07:00:29,873] s.DisneyClassifier$secondClassifier$: Learnable: Learn with data of size 371
INFO  [2016-12-06 07:00:29,876] s.DisneyClassifier$secondClassifier$: Training: 30 iterations remain.
INFO  [2016-12-06 07:00:29,879] s.DisneyClassifier$secondClassifier$: Training: 30 iterations remain.
INFO  [2016-12-06 07:00:29,997] s.DisneyClassifier$secondClassifier$: Training: 20 iterations remain.
INFO  [2016-12-06 07:00:30,036] s.DisneyClassifier$secondClassifier$: Training: 10 iterations remain.
INFO  [2016-12-06 07:02:16,023] s.DisneyClassifier$secondClassifier$: Learnable: Learn with data of size 371
INFO  [2016-12-06 07:02:16,025] s.DisneyClassifier$secondClassifier$: Training: 30 iterations remain.
INFO  [2016-12-06 07:02:16,028] s.DisneyClassifier$secondClassifier$: Training: 30 iterations remain.
INFO  [2016-12-06 07:02:16,142] s.DisneyClassifier$secondClassifier$: Training: 20 iterations remain.
INFO  [2016-12-06 07:02:16,179] s.DisneyClassifier$secondClassifier$: Training: 10 iterations remain.
INFO  [2016-12-06 07:03:14,186] s.DisneyClassifier$firstClassifier$: Learnable: Learn with data of size 371
INFO  [2016-12-06 07:03:14,188] s.DisneyClassifier$firstClassifier$: Training: 30 iterations remain.
INFO  [2016-12-06 07:03:14,191] s.DisneyClassifier$firstClassifier$: Training: 30 iterations remain.
INFO  [2016-12-06 07:03:14,300] s.DisneyClassifier$firstClassifier$: Training: 20 iterations remain.
INFO  [2016-12-06 07:03:14,318] s.DisneyClassifier$firstClassifier$: Training: 10 iterations remain.
INFO  [2016-12-06 07:03:29,367] s.DisneyClassifier$secondClassifier$: Learnable: Learn with data of size 371
INFO  [2016-12-06 07:03:29,369] s.DisneyClassifier$secondClassifier$: Training: 30 iterations remain.
INFO  [2016-12-06 07:03:29,373] s.DisneyClassifier$secondClassifier$: Training: 30 iterations remain.
INFO  [2016-12-06 07:03:29,485] s.DisneyClassifier$secondClassifier$: Training: 20 iterations remain.
INFO  [2016-12-06 07:03:29,525] s.DisneyClassifier$secondClassifier$: Training: 10 iterations remain.
INFO  [2016-12-06 07:04:14,616] s.DisneyClassifier$firstClassifier$: Learnable: Learn with data of size 371
INFO  [2016-12-06 07:04:14,618] s.DisneyClassifier$firstClassifier$: Training: 30 iterations remain.
INFO  [2016-12-06 07:04:14,621] s.DisneyClassifier$firstClassifier$: Training: 30 iterations remain.
INFO  [2016-12-06 07:04:14,760] s.DisneyClassifier$firstClassifier$: Training: 20 iterations remain.
INFO  [2016-12-06 07:04:14,786] s.DisneyClassifier$firstClassifier$: Training: 10 iterations remain.
INFO  [2016-12-06 07:04:14,940] s.DisneyClassifier$secondClassifier$: Learnable: Learn with data of size 371
INFO  [2016-12-06 07:04:14,940] s.DisneyClassifier$secondClassifier$: Training: 30 iterations remain.
INFO  [2016-12-06 07:04:14,940] s.DisneyClassifier$secondClassifier$: Training: 30 iterations remain.
INFO  [2016-12-06 07:04:14,991] s.DisneyClassifier$secondClassifier$: Training: 20 iterations remain.
INFO  [2016-12-06 07:04:15,020] s.DisneyClassifier$secondClassifier$: Training: 10 iterations remain.
INFO  [2016-12-06 07:05:25,893] s.DisneyClassifier$firstClassifier$: Learnable: Learn with data of size 371
INFO  [2016-12-06 07:05:25,896] s.DisneyClassifier$firstClassifier$: Training: 30 iterations remain.
INFO  [2016-12-06 07:05:25,899] s.DisneyClassifier$firstClassifier$: Training: 30 iterations remain.
INFO  [2016-12-06 07:05:26,013] s.DisneyClassifier$firstClassifier$: Training: 20 iterations remain.
INFO  [2016-12-06 07:05:26,044] s.DisneyClassifier$firstClassifier$: Training: 10 iterations remain.
INFO  [2016-12-06 07:05:26,231] s.DisneyClassifier$secondClassifier$: Learnable: Learn with data of size 371
INFO  [2016-12-06 07:05:26,232] s.DisneyClassifier$secondClassifier$: Training: 30 iterations remain.
INFO  [2016-12-06 07:05:26,232] s.DisneyClassifier$secondClassifier$: Training: 30 iterations remain.
INFO  [2016-12-06 07:05:26,268] s.DisneyClassifier$secondClassifier$: Training: 20 iterations remain.
INFO  [2016-12-06 07:05:26,298] s.DisneyClassifier$secondClassifier$: Training: 10 iterations remain.
INFO  [2016-12-06 07:06:28,896] s.DisneyClassifier$firstClassifier$: Learnable: Learn with data of size 371
INFO  [2016-12-06 07:06:28,898] s.DisneyClassifier$firstClassifier$: Training: 30 iterations remain.
INFO  [2016-12-06 07:06:28,902] s.DisneyClassifier$firstClassifier$: Training: 30 iterations remain.
INFO  [2016-12-06 07:06:29,019] s.DisneyClassifier$firstClassifier$: Training: 20 iterations remain.
INFO  [2016-12-06 07:06:29,068] s.DisneyClassifier$firstClassifier$: Training: 10 iterations remain.
INFO  [2016-12-06 07:06:29,246] s.DisneyClassifier$secondClassifier$: Learnable: Learn with data of size 371
INFO  [2016-12-06 07:06:29,246] s.DisneyClassifier$secondClassifier$: Training: 30 iterations remain.
INFO  [2016-12-06 07:06:29,246] s.DisneyClassifier$secondClassifier$: Training: 30 iterations remain.
INFO  [2016-12-06 07:06:29,303] s.DisneyClassifier$secondClassifier$: Training: 20 iterations remain.
INFO  [2016-12-06 07:06:29,365] s.DisneyClassifier$secondClassifier$: Training: 10 iterations remain.
INFO  [2016-12-06 07:07:54,345] s.DisneyClassifier$firstClassifier$: Learnable: Learn with data of size 371
INFO  [2016-12-06 07:07:54,348] s.DisneyClassifier$firstClassifier$: Training: 30 iterations remain.
INFO  [2016-12-06 07:07:54,351] s.DisneyClassifier$firstClassifier$: Training: 30 iterations remain.
INFO  [2016-12-06 07:07:54,456] s.DisneyClassifier$firstClassifier$: Training: 20 iterations remain.
INFO  [2016-12-06 07:07:54,491] s.DisneyClassifier$firstClassifier$: Training: 10 iterations remain.
INFO  [2016-12-06 07:07:54,663] s.DisneyClassifier$secondClassifier$: Learnable: Learn with data of size 371
INFO  [2016-12-06 07:07:54,663] s.DisneyClassifier$secondClassifier$: Training: 30 iterations remain.
INFO  [2016-12-06 07:07:54,663] s.DisneyClassifier$secondClassifier$: Training: 30 iterations remain.
INFO  [2016-12-06 07:07:54,721] s.DisneyClassifier$secondClassifier$: Training: 20 iterations remain.
INFO  [2016-12-06 07:07:54,767] s.DisneyClassifier$secondClassifier$: Training: 10 iterations remain.
INFO  [2016-12-06 07:07:54,867] s.DisneyClassifier$SparseNetworkClassifier$: Learnable: Learn with data of size 371
INFO  [2016-12-06 07:07:54,868] s.DisneyClassifier$SparseNetworkClassifier$: Training: 30 iterations remain.
INFO  [2016-12-06 07:07:54,868] s.DisneyClassifier$SparseNetworkClassifier$: Training: 30 iterations remain.
INFO  [2016-12-06 07:07:54,903] s.DisneyClassifier$SparseNetworkClassifier$: Training: 20 iterations remain.
INFO  [2016-12-06 07:07:54,944] s.DisneyClassifier$SparseNetworkClassifier$: Training: 10 iterations remain.
INFO  [2016-12-06 07:09:46,949] s.DisneyClassifier$firstClassifier$: Learnable: Learn with data of size 371
INFO  [2016-12-06 07:09:46,952] s.DisneyClassifier$firstClassifier$: Training: 30 iterations remain.
INFO  [2016-12-06 07:09:46,955] s.DisneyClassifier$firstClassifier$: Training: 30 iterations remain.
INFO  [2016-12-06 07:09:47,070] s.DisneyClassifier$firstClassifier$: Training: 20 iterations remain.
INFO  [2016-12-06 07:09:47,103] s.DisneyClassifier$firstClassifier$: Training: 10 iterations remain.
INFO  [2016-12-06 07:09:47,276] s.DisneyClassifier$secondClassifier$: Learnable: Learn with data of size 371
INFO  [2016-12-06 07:09:47,276] s.DisneyClassifier$secondClassifier$: Training: 30 iterations remain.
INFO  [2016-12-06 07:09:47,276] s.DisneyClassifier$secondClassifier$: Training: 30 iterations remain.
INFO  [2016-12-06 07:09:47,339] s.DisneyClassifier$secondClassifier$: Training: 20 iterations remain.
INFO  [2016-12-06 07:09:47,403] s.DisneyClassifier$secondClassifier$: Training: 10 iterations remain.
INFO  [2016-12-06 07:09:47,491] s.DisneyClassifier$SparseNetworkClassifier$: Learnable: Learn with data of size 371
INFO  [2016-12-06 07:09:47,491] s.DisneyClassifier$SparseNetworkClassifier$: Training: 30 iterations remain.
INFO  [2016-12-06 07:09:47,491] s.DisneyClassifier$SparseNetworkClassifier$: Training: 30 iterations remain.
INFO  [2016-12-06 07:09:47,516] s.DisneyClassifier$SparseNetworkClassifier$: Training: 20 iterations remain.
INFO  [2016-12-06 07:09:47,537] s.DisneyClassifier$SparseNetworkClassifier$: Training: 10 iterations remain.
INFO  [2016-12-06 07:09:47,571] s.DisneyClassifier$RandomForestClassifier$: Learnable: Learn with data of size 371
INFO  [2016-12-06 07:09:47,572] s.DisneyClassifier$RandomForestClassifier$: Training: 30 iterations remain.
INFO  [2016-12-06 07:09:47,572] s.DisneyClassifier$RandomForestClassifier$: Training: 30 iterations remain.
INFO  [2016-12-06 07:09:47,605] s.DisneyClassifier$RandomForestClassifier$: Training: 20 iterations remain.
INFO  [2016-12-06 07:09:47,635] s.DisneyClassifier$RandomForestClassifier$: Training: 10 iterations remain.
INFO  [2016-12-06 07:12:28,242] s.DisneyClassifier$firstClassifier$: Learnable: Learn with data of size 371
INFO  [2016-12-06 07:12:28,244] s.DisneyClassifier$firstClassifier$: Training: 30 iterations remain.
INFO  [2016-12-06 07:12:28,247] s.DisneyClassifier$firstClassifier$: Training: 30 iterations remain.
INFO  [2016-12-06 07:12:28,362] s.DisneyClassifier$firstClassifier$: Training: 20 iterations remain.
INFO  [2016-12-06 07:12:28,387] s.DisneyClassifier$firstClassifier$: Training: 10 iterations remain.
INFO  [2016-12-06 07:12:28,561] s.DisneyClassifier$secondClassifier$: Learnable: Learn with data of size 371
INFO  [2016-12-06 07:12:28,561] s.DisneyClassifier$secondClassifier$: Training: 30 iterations remain.
INFO  [2016-12-06 07:12:28,561] s.DisneyClassifier$secondClassifier$: Training: 30 iterations remain.
INFO  [2016-12-06 07:12:28,631] s.DisneyClassifier$secondClassifier$: Training: 20 iterations remain.
INFO  [2016-12-06 07:12:28,704] s.DisneyClassifier$secondClassifier$: Training: 10 iterations remain.
INFO  [2016-12-06 07:12:28,796] s.DisneyClassifier$SparseNetworkClassifier$: Learnable: Learn with data of size 371
INFO  [2016-12-06 07:12:28,796] s.DisneyClassifier$SparseNetworkClassifier$: Training: 30 iterations remain.
INFO  [2016-12-06 07:12:28,796] s.DisneyClassifier$SparseNetworkClassifier$: Training: 30 iterations remain.
INFO  [2016-12-06 07:12:28,826] s.DisneyClassifier$SparseNetworkClassifier$: Training: 20 iterations remain.
INFO  [2016-12-06 07:12:28,853] s.DisneyClassifier$SparseNetworkClassifier$: Training: 10 iterations remain.
INFO  [2016-12-06 07:12:28,884] s.DisneyClassifier$RandomForestClassifier$: Learnable: Learn with data of size 371
INFO  [2016-12-06 07:12:28,884] s.DisneyClassifier$RandomForestClassifier$: Training: 30 iterations remain.
INFO  [2016-12-06 07:12:28,884] s.DisneyClassifier$RandomForestClassifier$: Training: 30 iterations remain.
INFO  [2016-12-06 07:12:28,931] s.DisneyClassifier$RandomForestClassifier$: Training: 20 iterations remain.
INFO  [2016-12-06 07:12:28,965] s.DisneyClassifier$RandomForestClassifier$: Training: 10 iterations remain.
INFO  [2016-12-06 07:12:29,357] s.DisneyClassifier$RandomForestClassifier2$: Learnable: Learn with data of size 371
INFO  [2016-12-06 07:12:29,357] s.DisneyClassifier$RandomForestClassifier2$: Training: 20 iterations remain.
INFO  [2016-12-06 07:12:29,357] s.DisneyClassifier$RandomForestClassifier2$: Training: 20 iterations remain.
INFO  [2016-12-06 07:12:29,404] s.DisneyClassifier$RandomForestClassifier2$: Training: 10 iterations remain.
INFO  [2016-12-06 07:12:29,514] s.DisneyClassifier$MultiLayerPerceptronClassifier$: Learnable: Learn with data of size 371
INFO  [2016-12-06 07:12:29,514] s.DisneyClassifier$MultiLayerPerceptronClassifier$: Training: 30 iterations remain.
INFO  [2016-12-06 07:12:29,514] s.DisneyClassifier$MultiLayerPerceptronClassifier$: Training: 30 iterations remain.
INFO  [2016-12-06 07:12:29,533] s.DisneyClassifier$MultiLayerPerceptronClassifier$: Training: 20 iterations remain.
INFO  [2016-12-06 07:12:29,552] s.DisneyClassifier$MultiLayerPerceptronClassifier$: Training: 10 iterations remain.
INFO  [2016-12-06 07:12:35,717] s.DisneyClassifier$WekaClassifier$: Learnable: Learn with data of size 371
INFO  [2016-12-06 07:12:35,718] s.DisneyClassifier$WekaClassifier$: Training: 30 iterations remain.
INFO  [2016-12-06 07:12:35,718] s.DisneyClassifier$WekaClassifier$: Training: 30 iterations remain.
INFO  [2016-12-06 07:12:35,739] s.DisneyClassifier$WekaClassifier$: Training: 20 iterations remain.
INFO  [2016-12-06 07:12:35,760] s.DisneyClassifier$WekaClassifier$: Training: 10 iterations remain.
INFO  [2016-12-06 07:12:35,852] s.DisneyClassifier$BayesNetworkClassifier$: Learnable: Learn with data of size 371
INFO  [2016-12-06 07:12:35,853] s.DisneyClassifier$BayesNetworkClassifier$: Training: 30 iterations remain.
INFO  [2016-12-06 07:12:35,853] s.DisneyClassifier$BayesNetworkClassifier$: Training: 30 iterations remain.
INFO  [2016-12-06 07:12:35,876] s.DisneyClassifier$BayesNetworkClassifier$: Training: 20 iterations remain.
INFO  [2016-12-06 07:12:35,915] s.DisneyClassifier$BayesNetworkClassifier$: Training: 10 iterations remain.
